# JRE version: Java(TM) SE Runtime Environment (7.0_51-b13) (build 1.7.0_51-b13)
# Java VM: Java HotSpot(TM) Client VM (24.51-b03 mixed mode, sharing windows-x86 )
Heap
 def new generation   total 4928K, used 556K [0x23530000, 0x23a80000, 0x28a80000)
  eden space 4416K,  12% used [0x23530000, 0x235b60d0, 0x23980000)
  from space 512K,   3% used [0x23a00000, 0x23a05058, 0x23a80000)
  to   space 512K,   0% used [0x23980000, 0x23980000, 0x23a00000)
 tenured generation   total 10944K, used 9556K [0x28a80000, 0x29530000, 0x33530000)
   the space 10944K,  87% used [0x28a80000, 0x293d5048, 0x293d5200, 0x29530000)
 compacting perm gen  total 12288K, used 6544K [0x33530000, 0x34130000, 0x37530000)
   the space 12288K,  53% used [0x33530000, 0x33b94130, 0x33b94200, 0x34130000)
    ro space 10240K,  44% used [0x37530000, 0x379a7e30, 0x379a8000, 0x37f30000)
    rw space 12288K,  52% used [0x37f30000, 0x3857eb58, 0x3857ec00, 0x38b30000)
GC Heap History (10 events):
Event: 9875.416 GC heap before
{Heap before GC invocations=52 (full 0):
 def new generation   total 4928K, used 4417K [0x23530000, 0x23a80000, 0x28a80000)
  eden space 4416K, 100% used [0x23530000, 0x23980000, 0x23980000)
  from space 512K,   0% used [0x23980000, 0x239804f8, 0x23a00000)
  to   space 512K,   0% used [0x23a00000, 0x23a00000, 0x23a80000)
 tenured generation   total 10944K, used 9556K [0x28a80000, 0x29530000, 0x33530000)
   the space 10944K,  87% used [0x28a80000, 0x293d5048, 0x293d5200, 0x29530000)
 compacting perm gen  total 12288K, used 6538K [0x33530000, 0x34130000, 0x37530000)
   the space 12288K,  53% used [0x33530000, 0x33b92b08, 0x33b92c00, 0x34130000)
    ro space 10240K,  44% used [0x37530000, 0x379a7e30, 0x379a8000, 0x37f30000)
    rw space 12288K,  52% used [0x37f30000, 0x3857eb58, 0x3857ec00, 0x38b30000)
Event: 9875.417 GC heap after
Heap after GC invocations=53 (full 0):
 def new generation   total 4928K, used 1K [0x23530000, 0x23a80000, 0x28a80000)
  eden space 4416K,   0% used [0x23530000, 0x23530000, 0x23980000)
  from space 512K,   0% used [0x23a00000, 0x23a00528, 0x23a80000)
  to   space 512K,   0% used [0x23980000, 0x23980000, 0x23a00000)
 tenured generation   total 10944K, used 9556K [0x28a80000, 0x29530000, 0x33530000)
   the space 10944K,  87% used [0x28a80000, 0x293d5048, 0x293d5200, 0x29530000)
 compacting perm gen  total 12288K, used 6538K [0x33530000, 0x34130000, 0x37530000)
   the space 12288K,  53% used [0x33530000, 0x33b92b08, 0x33b92c00, 0x34130000)
    ro space 10240K,  44% used [0x37530000, 0x379a7e30, 0x379a8000, 0x37f30000)
    rw space 12288K,  52% used [0x37f30000, 0x3857eb58, 0x3857ec00, 0x38b30000)
}
Event: 10097.332 GC heap before
{Heap before GC invocations=53 (full 0):
 def new generation   total 4928K, used 4417K [0x23530000, 0x23a80000, 0x28a80000)
  eden space 4416K, 100% used [0x23530000, 0x23980000, 0x23980000)
  from space 512K,   0% used [0x23a00000, 0x23a00528, 0x23a80000)
  to   space 512K,   0% used [0x23980000, 0x23980000, 0x23a00000)
 tenured generation   total 10944K, used 9556K [0x28a80000, 0x29530000, 0x33530000)
   the space 10944K,  87% used [0x28a80000, 0x293d5048, 0x293d5200, 0x29530000)
 compacting perm gen  total 12288K, used 6538K [0x33530000, 0x34130000, 0x37530000)
   the space 12288K,  53% used [0x33530000, 0x33b92b08, 0x33b92c00, 0x34130000)
    ro space 10240K,  44% used [0x37530000, 0x379a7e30, 0x379a8000, 0x37f30000)
    rw space 12288K,  52% used [0x37f30000, 0x3857eb58, 0x3857ec00, 0x38b30000)
Event: 10097.333 GC heap after
Heap after GC invocations=54 (full 0):
 def new generation   total 4928K, used 1K [0x23530000, 0x23a80000, 0x28a80000)
  eden space 4416K,   0% used [0x23530000, 0x23530000, 0x23980000)
  from space 512K,   0% used [0x23980000, 0x239804b0, 0x23a00000)
  to   space 512K,   0% used [0x23a00000, 0x23a00000, 0x23a80000)
 tenured generation   total 10944K, used 9556K [0x28a80000, 0x29530000, 0x33530000)
   the space 10944K,  87% used [0x28a80000, 0x293d5048, 0x293d5200, 0x29530000)
 compacting perm gen  total 12288K, used 6538K [0x33530000, 0x34130000, 0x37530000)
   the space 12288K,  53% used [0x33530000, 0x33b92b08, 0x33b92c00, 0x34130000)
    ro space 10240K,  44% used [0x37530000, 0x379a7e30, 0x379a8000, 0x37f30000)
    rw space 12288K,  52% used [0x37f30000, 0x3857eb58, 0x3857ec00, 0x38b30000)
}
Event: 10319.238 GC heap before
{Heap before GC invocations=54 (full 0):
 def new generation   total 4928K, used 4417K [0x23530000, 0x23a80000, 0x28a80000)
  eden space 4416K, 100% used [0x23530000, 0x23980000, 0x23980000)
  from space 512K,   0% used [0x23980000, 0x239804b0, 0x23a00000)
  to   space 512K,   0% used [0x23a00000, 0x23a00000, 0x23a80000)
 tenured generation   total 10944K, used 9556K [0x28a80000, 0x29530000, 0x33530000)
   the space 10944K,  87% used [0x28a80000, 0x293d5048, 0x293d5200, 0x29530000)
 compacting perm gen  total 12288K, used 6538K [0x33530000, 0x34130000, 0x37530000)
   the space 12288K,  53% used [0x33530000, 0x33b92b08, 0x33b92c00, 0x34130000)
    ro space 10240K,  44% used [0x37530000, 0x379a7e30, 0x379a8000, 0x37f30000)
    rw space 12288K,  52% used [0x37f30000, 0x3857eb58, 0x3857ec00, 0x38b30000)
Event: 10319.239 GC heap after
Heap after GC invocations=55 (full 0):
 def new generation   total 4928K, used 1K [0x23530000, 0x23a80000, 0x28a80000)
  eden space 4416K,   0% used [0x23530000, 0x23530000, 0x23980000)
  from space 512K,   0% used [0x23a00000, 0x23a00448, 0x23a80000)
  to   space 512K,   0% used [0x23980000, 0x23980000, 0x23a00000)
 tenured generation   total 10944K, used 9556K [0x28a80000, 0x29530000, 0x33530000)
   the space 10944K,  87% used [0x28a80000, 0x293d5048, 0x293d5200, 0x29530000)
 compacting perm gen  total 12288K, used 6538K [0x33530000, 0x34130000, 0x37530000)
   the space 12288K,  53% used [0x33530000, 0x33b92b08, 0x33b92c00, 0x34130000)
    ro space 10240K,  44% used [0x37530000, 0x379a7e30, 0x379a8000, 0x37f30000)
    rw space 12288K,  52% used [0x37f30000, 0x3857eb58, 0x3857ec00, 0x38b30000)
}
Event: 10534.438 GC heap before
{Heap before GC invocations=55 (full 0):
 def new generation   total 4928K, used 4417K [0x23530000, 0x23a80000, 0x28a80000)
  eden space 4416K, 100% used [0x23530000, 0x23980000, 0x23980000)
  from space 512K,   0% used [0x23a00000, 0x23a00448, 0x23a80000)
  to   space 512K,   0% used [0x23980000, 0x23980000, 0x23a00000)
 tenured generation   total 10944K, used 9556K [0x28a80000, 0x29530000, 0x33530000)
   the space 10944K,  87% used [0x28a80000, 0x293d5048, 0x293d5200, 0x29530000)
 compacting perm gen  total 12288K, used 6538K [0x33530000, 0x34130000, 0x37530000)
   the space 12288K,  53% used [0x33530000, 0x33b92b28, 0x33b92c00, 0x34130000)
    ro space 10240K,  44% used [0x37530000, 0x379a7e30, 0x379a8000, 0x37f30000)
    rw space 12288K,  52% used [0x37f30000, 0x3857eb58, 0x3857ec00, 0x38b30000)
Event: 10534.447 GC heap after
Heap after GC invocations=56 (full 0):
 def new generation   total 4928K, used 1K [0x23530000, 0x23a80000, 0x28a80000)
  eden space 4416K,   0% used [0x23530000, 0x23530000, 0x23980000)
  from space 512K,   0% used [0x23980000, 0x23980560, 0x23a00000)
  to   space 512K,   0% used [0x23a00000, 0x23a00000, 0x23a80000)
 tenured generation   total 10944K, used 9556K [0x28a80000, 0x29530000, 0x33530000)
   the space 10944K,  87% used [0x28a80000, 0x293d5048, 0x293d5200, 0x29530000)
 compacting perm gen  total 12288K, used 6538K [0x33530000, 0x34130000, 0x37530000)
   the space 12288K,  53% used [0x33530000, 0x33b92b28, 0x33b92c00, 0x34130000)
    ro space 10240K,  44% used [0x37530000, 0x379a7e30, 0x379a8000, 0x37f30000)
    rw space 12288K,  52% used [0x37f30000, 0x3857eb58, 0x3857ec00, 0x38b30000)
}
Event: 10754.468 GC heap before
{Heap before GC invocations=56 (full 0):
 def new generation   total 4928K, used 4352K [0x23530000, 0x23a80000, 0x28a80000)
  eden space 4416K,  98% used [0x23530000, 0x2396fbe8, 0x23980000)
  from space 512K,   0% used [0x23980000, 0x23980560, 0x23a00000)
  to   space 512K,   0% used [0x23a00000, 0x23a00000, 0x23a80000)
 tenured generation   total 10944K, used 9556K [0x28a80000, 0x29530000, 0x33530000)
   the space 10944K,  87% used [0x28a80000, 0x293d5048, 0x293d5200, 0x29530000)
 compacting perm gen  total 12288K, used 6544K [0x33530000, 0x34130000, 0x37530000)
   the space 12288K,  53% used [0x33530000, 0x33b94130, 0x33b94200, 0x34130000)
    ro space 10240K,  44% used [0x37530000, 0x379a7e30, 0x379a8000, 0x37f30000)
    rw space 12288K,  52% used [0x37f30000, 0x3857eb58, 0x3857ec00, 0x38b30000)
Event: 10754.721 GC heap after
Heap after GC invocations=57 (full 0):
 def new generation   total 4928K, used 20K [0x23530000, 0x23a80000, 0x28a80000)
  eden space 4416K,   0% used [0x23530000, 0x23530000, 0x23980000)
  from space 512K,   3% used [0x23a00000, 0x23a05058, 0x23a80000)
  to   space 512K,   0% used [0x23980000, 0x23980000, 0x23a00000)
 tenured generation   total 10944K, used 9556K [0x28a80000, 0x29530000, 0x33530000)
   the space 10944K,  87% used [0x28a80000, 0x293d5048, 0x293d5200, 0x29530000)
 compacting perm gen  total 12288K, used 6544K [0x33530000, 0x34130000, 0x37530000)
   the space 12288K,  53% used [0x33530000, 0x33b94130, 0x33b94200, 0x34130000)
    ro space 10240K,  44% used [0x37530000, 0x379a7e30, 0x379a8000, 0x37f30000)
    rw space 12288K,  52% used [0x37f30000, 0x3857eb58, 0x3857ec00, 0x38b30000)
}

